<?xml version="1.0" encoding="UTF-8"?>
<!-- Generated by org.testng.reporters.JUnitXMLReporter -->
<testsuite ignored="0" hostname="DESKTOP-5KB58OA" failures="0" tests="6" name="Car loan" time="11.862" errors="0" timestamp="2024-03-18T22:56:28 IST">
  <testcase classname="test.day3" name="Weblogin" time="0.004"/>
  <testcase classname="test.day3" name="MobileSignincarLoan" time="0.005"/>
  <testcase classname="test.day3" name="MobileSignoutcarLoan" time="3.925"/>
  <testcase classname="test.day3" name="MobileSignoutcarLoan" time="3.911"/>
  <testcase classname="test.day3" name="MobileSignoutcarLoan" time="3.911"/>
  <testcase classname="test.day3" name="APIcarLoan" time="0.003"/>
</testsuite> <!-- Car loan -->
